2021-07-15 00:04:25,004 ERROR 13456 nodejs.ClusterClientNoResponseError: client no response in 88181ms exceeding maxIdleTime 60000ms, maybe the connection is close on other side.
    at Timeout._onTimeout (/Users/Eric/Desktop/vue-phonemall/server/node_modules/_cluster-client@3.0.1@cluster-client/lib/leader.js:77:23)
    at listOnTimeout (internal/timers.js:555:17)
    at processTimers (internal/timers.js:498:7)
name: "ClusterClientNoResponseError"
pid: 13456
hostname: zhanghongyindeMacBook-Pro.local

2021-07-15 00:14:01,951 ERROR 13456 nodejs.ClusterClientNoResponseError: client no response in 576580ms exceeding maxIdleTime 60000ms, maybe the connection is close on other side.
    at Timeout._onTimeout (/Users/Eric/Desktop/vue-phonemall/server/node_modules/_cluster-client@3.0.1@cluster-client/lib/leader.js:77:23)
    at listOnTimeout (internal/timers.js:555:17)
    at processTimers (internal/timers.js:498:7)
name: "ClusterClientNoResponseError"
pid: 13456
hostname: zhanghongyindeMacBook-Pro.local

2021-07-15 00:24:00,324 ERROR 13456 nodejs.ClusterClientNoResponseError: client no response in 576397ms exceeding maxIdleTime 60000ms, maybe the connection is close on other side.
    at Timeout._onTimeout (/Users/Eric/Desktop/vue-phonemall/server/node_modules/_cluster-client@3.0.1@cluster-client/lib/leader.js:77:23)
    at listOnTimeout (internal/timers.js:555:17)
    at processTimers (internal/timers.js:498:7)
name: "ClusterClientNoResponseError"
pid: 13456
hostname: zhanghongyindeMacBook-Pro.local

2021-07-15 00:34:11,286 ERROR 13456 nodejs.ClusterClientNoResponseError: client no response in 570227ms exceeding maxIdleTime 60000ms, maybe the connection is close on other side.
    at Timeout._onTimeout (/Users/Eric/Desktop/vue-phonemall/server/node_modules/_cluster-client@3.0.1@cluster-client/lib/leader.js:77:23)
    at listOnTimeout (internal/timers.js:555:17)
    at processTimers (internal/timers.js:498:7)
name: "ClusterClientNoResponseError"
pid: 13456
hostname: zhanghongyindeMacBook-Pro.local

2021-07-15 00:44:21,350 ERROR 13456 nodejs.ClusterClientNoResponseError: client no response in 571075ms exceeding maxIdleTime 60000ms, maybe the connection is close on other side.
    at Timeout._onTimeout (/Users/Eric/Desktop/vue-phonemall/server/node_modules/_cluster-client@3.0.1@cluster-client/lib/leader.js:77:23)
    at listOnTimeout (internal/timers.js:555:17)
    at processTimers (internal/timers.js:498:7)
name: "ClusterClientNoResponseError"
pid: 13456
hostname: zhanghongyindeMacBook-Pro.local

2021-07-15 00:54:34,250 ERROR 13456 nodejs.ClusterClientNoResponseError: client no response in 570585ms exceeding maxIdleTime 60000ms, maybe the connection is close on other side.
    at Timeout._onTimeout (/Users/Eric/Desktop/vue-phonemall/server/node_modules/_cluster-client@3.0.1@cluster-client/lib/leader.js:77:23)
    at listOnTimeout (internal/timers.js:555:17)
    at processTimers (internal/timers.js:498:7)
name: "ClusterClientNoResponseError"
pid: 13456
hostname: zhanghongyindeMacBook-Pro.local

2021-07-15 07:15:11,656 ERROR 13456 nodejs.ClusterClientNoResponseError: client no response in 22816030ms exceeding maxIdleTime 60000ms, maybe the connection is close on other side.
    at Timeout._onTimeout (/Users/Eric/Desktop/vue-phonemall/server/node_modules/_cluster-client@3.0.1@cluster-client/lib/leader.js:77:23)
    at listOnTimeout (internal/timers.js:555:17)
    at processTimers (internal/timers.js:498:7)
name: "ClusterClientNoResponseError"
pid: 13456
hostname: zhanghongyindeMacBook-Pro.local

2021-07-15 07:54:52,165 ERROR 13456 nodejs.ClusterClientNoResponseError: client no response in 2379219ms exceeding maxIdleTime 60000ms, maybe the connection is close on other side.
    at Timeout._onTimeout (/Users/Eric/Desktop/vue-phonemall/server/node_modules/_cluster-client@3.0.1@cluster-client/lib/leader.js:77:23)
    at listOnTimeout (internal/timers.js:555:17)
    at processTimers (internal/timers.js:498:7)
name: "ClusterClientNoResponseError"
pid: 13456
hostname: zhanghongyindeMacBook-Pro.local

2021-07-15 08:27:28,006 ERROR 13456 nodejs.ClusterClientNoResponseError: client no response in 1936323ms exceeding maxIdleTime 60000ms, maybe the connection is close on other side.
    at Timeout._onTimeout (/Users/Eric/Desktop/vue-phonemall/server/node_modules/_cluster-client@3.0.1@cluster-client/lib/leader.js:77:23)
    at listOnTimeout (internal/timers.js:555:17)
    at processTimers (internal/timers.js:498:7)
name: "ClusterClientNoResponseError"
pid: 13456
hostname: zhanghongyindeMacBook-Pro.local

2021-07-15 08:31:24,005 ERROR 13456 nodejs.ClusterClientNoResponseError: client no response in 215750ms exceeding maxIdleTime 60000ms, maybe the connection is close on other side.
    at Timeout._onTimeout (/Users/Eric/Desktop/vue-phonemall/server/node_modules/_cluster-client@3.0.1@cluster-client/lib/leader.js:77:23)
    at listOnTimeout (internal/timers.js:555:17)
    at processTimers (internal/timers.js:498:7)
name: "ClusterClientNoResponseError"
pid: 13456
hostname: zhanghongyindeMacBook-Pro.local

