2021-07-15 00:02:17,188 INFO 13457 [egg-logrotator] app logger reload: got log-reload message
2021-07-15 00:04:25,004 WARN 13457 [TCPBase] socket is closed by other side while there were still unhandled data in the socket buffer
2021-07-15 00:04:25,004 WARN 13457 [ClusterClient:Watcher] follower closed, and try to init it again
2021-07-15 00:14:01,970 WARN 13457 [TCPBase] socket is closed by other side while there were still unhandled data in the socket buffer
2021-07-15 00:14:02,003 WARN 13457 [ClusterClient:Watcher] follower closed, and try to init it again
2021-07-15 00:24:00,340 WARN 13457 [TCPBase] socket is closed by other side while there were still unhandled data in the socket buffer
2021-07-15 00:24:00,354 WARN 13457 [ClusterClient:Watcher] follower closed, and try to init it again
2021-07-15 00:34:11,368 WARN 13457 [TCPBase] socket is closed by other side while there were still unhandled data in the socket buffer
2021-07-15 00:34:11,379 WARN 13457 [ClusterClient:Watcher] follower closed, and try to init it again
2021-07-15 00:44:21,360 WARN 13457 [TCPBase] socket is closed by other side while there were still unhandled data in the socket buffer
2021-07-15 00:44:21,362 WARN 13457 [ClusterClient:Watcher] follower closed, and try to init it again
2021-07-15 00:54:34,242 WARN 13457 [TCPBase] socket is closed by other side while there were still unhandled data in the socket buffer
2021-07-15 00:54:34,283 WARN 13457 [ClusterClient:Watcher] follower closed, and try to init it again
2021-07-15 07:15:11,409 WARN 13457 [TCPBase] socket is closed by other side while there were still unhandled data in the socket buffer
2021-07-15 07:15:11,430 WARN 13457 [ClusterClient:Watcher] follower closed, and try to init it again
2021-07-15 07:15:11,732 INFO 13457 [-/127.0.0.1/-/84ms SCHEDULE /__schedule?path=/Users/Eric/Desktop/vue-phonemall/server/node_modules/_egg-multipart@2.12.0@egg-multipart/app/schedule/clean_tmpdir.js&type=worker&cron=0%2030%204%20*%20*%20*&disable=false&immediate=false] [egg-multipart:CleanTmpdir] start clean tmpdir: "/var/folders/7w/j0ntjn2j2_d12txq2w5wdq9h0000gn/T/egg-multipart-tmp/server"
2021-07-15 07:15:11,785 INFO 13457 [-/127.0.0.1/-/146ms SCHEDULE /__schedule?path=/Users/Eric/Desktop/vue-phonemall/server/node_modules/_egg-multipart@2.12.0@egg-multipart/app/schedule/clean_tmpdir.js&type=worker&cron=0%2030%204%20*%20*%20*&disable=false&immediate=false] [egg-multipart:CleanTmpdir] end
2021-07-15 07:54:52,165 WARN 13457 [TCPBase] socket is closed by other side while there were still unhandled data in the socket buffer
2021-07-15 07:54:52,165 WARN 13457 [ClusterClient:Watcher] follower closed, and try to init it again
2021-07-15 08:27:28,005 WARN 13457 [TCPBase] socket is closed by other side while there were still unhandled data in the socket buffer
2021-07-15 08:27:28,005 WARN 13457 [ClusterClient:Watcher] follower closed, and try to init it again
2021-07-15 08:31:24,003 WARN 13457 [TCPBase] socket is closed by other side while there were still unhandled data in the socket buffer
2021-07-15 08:31:24,003 WARN 13457 [ClusterClient:Watcher] follower closed, and try to init it again
